# JRE version: Java(TM) SE Runtime Environment (8.0_51-b16) (build 1.8.0_51-b16)
# Java VM: Java HotSpot(TM) 64-Bit Server VM (25.51-b03 mixed mode bsd-amd64 compressed oops)
Heap:
 PSYoungGen      total 272896K, used 70740K [0x00000007aab00000, 0x00000007c0000000, 0x00000007c0000000)
  eden space 196608K, 30% used [0x00000007aab00000,0x00000007ae681b98,0x00000007b6b00000)
  from space 76288K, 12% used [0x00000007b6b00000,0x00000007b7493528,0x00000007bb580000)
  to   space 76288K, 0% used [0x00000007bb580000,0x00000007bb580000,0x00000007c0000000)
 ParOldGen       total 699392K, used 115125K [0x0000000780000000, 0x00000007aab00000, 0x00000007aab00000)
  object space 699392K, 16% used [0x0000000780000000,0x000000078706d550,0x00000007aab00000)
 Metaspace       used 171127K, capacity 173439K, committed 173568K, reserved 1193984K
  class space    used 28353K, capacity 28897K, committed 28928K, reserved 1048576K
GC Heap History (10 events):
Event: 1627.109 GC heap before
{Heap before GC invocations=17 (full 2):
 PSYoungGen      total 286208K, used 234156K [0x00000007aab00000, 0x00000007c0000000, 0x00000007c0000000)
  eden space 225280K, 100% used [0x00000007aab00000,0x00000007b8700000,0x00000007b8700000)
  from space 60928K, 14% used [0x00000007bc480000,0x00000007bcd2b210,0x00000007c0000000)
  to   space 61952K, 0% used [0x00000007b8700000,0x00000007b8700000,0x00000007bc380000)
 ParOldGen       total 699392K, used 109039K [0x0000000780000000, 0x00000007aab00000, 0x00000007aab00000)
  object space 699392K, 15% used [0x0000000780000000,0x0000000786a7be40,0x00000007aab00000)
 Metaspace       used 162850K, capacity 164611K, committed 164736K, reserved 1187840K
  class space    used 26829K, capacity 27261K, committed 27264K, reserved 1048576K
Event: 1627.121 GC heap after
Heap after GC invocations=17 (full 2):
 PSYoungGen      total 231424K, used 5943K [0x00000007aab00000, 0x00000007c0000000, 0x00000007c0000000)
  eden space 225280K, 0% used [0x00000007aab00000,0x00000007aab00000,0x00000007b8700000)
  from space 6144K, 96% used [0x00000007b8700000,0x00000007b8ccdd68,0x00000007b8d00000)
  to   space 62976K, 0% used [0x00000007bc280000,0x00000007bc280000,0x00000007c0000000)
 ParOldGen       total 699392K, used 109399K [0x0000000780000000, 0x00000007aab00000, 0x00000007aab00000)
  object space 699392K, 15% used [0x0000000780000000,0x0000000786ad5e40,0x00000007aab00000)
 Metaspace       used 162850K, capacity 164611K, committed 164736K, reserved 1187840K
  class space    used 26829K, capacity 27261K, committed 27264K, reserved 1048576K
}
Event: 2087.833 GC heap before
{Heap before GC invocations=18 (full 2):
 PSYoungGen      total 231424K, used 231223K [0x00000007aab00000, 0x00000007c0000000, 0x00000007c0000000)
  eden space 225280K, 100% used [0x00000007aab00000,0x00000007b8700000,0x00000007b8700000)
  from space 6144K, 96% used [0x00000007b8700000,0x00000007b8ccdd68,0x00000007b8d00000)
  to   space 62976K, 0% used [0x00000007bc280000,0x00000007bc280000,0x00000007c0000000)
 ParOldGen       total 699392K, used 109399K [0x0000000780000000, 0x00000007aab00000, 0x00000007aab00000)
  object space 699392K, 15% used [0x0000000780000000,0x0000000786ad5e40,0x00000007aab00000)
 Metaspace       used 163513K, capacity 165399K, committed 165504K, reserved 1187840K
  class space    used 26970K, capacity 27429K, committed 27520K, reserved 1048576K
Event: 2087.872 GC heap after
Heap after GC invocations=18 (full 2):
 PSYoungGen      total 279040K, used 46745K [0x00000007aab00000, 0x00000007c0000000, 0x00000007c0000000)
  eden space 216064K, 0% used [0x00000007aab00000,0x00000007aab00000,0x00000007b7e00000)
  from space 62976K, 74% used [0x00000007bc280000,0x00000007bf0267b8,0x00000007c0000000)
  to   space 66560K, 0% used [0x00000007b7e00000,0x00000007b7e00000,0x00000007bbf00000)
 ParOldGen       total 699392K, used 109956K [0x0000000780000000, 0x00000007aab00000, 0x00000007aab00000)
  object space 699392K, 15% used [0x0000000780000000,0x0000000786b61148,0x00000007aab00000)
 Metaspace       used 163513K, capacity 165399K, committed 165504K, reserved 1187840K
  class space    used 26970K, capacity 27429K, committed 27520K, reserved 1048576K
}
Event: 2710.391 GC heap before
{Heap before GC invocations=19 (full 2):
 PSYoungGen      total 279040K, used 262809K [0x00000007aab00000, 0x00000007c0000000, 0x00000007c0000000)
  eden space 216064K, 100% used [0x00000007aab00000,0x00000007b7e00000,0x00000007b7e00000)
  from space 62976K, 74% used [0x00000007bc280000,0x00000007bf0267b8,0x00000007c0000000)
  to   space 66560K, 0% used [0x00000007b7e00000,0x00000007b7e00000,0x00000007bbf00000)
 ParOldGen       total 699392K, used 109956K [0x0000000780000000, 0x00000007aab00000, 0x00000007aab00000)
  object space 699392K, 15% used [0x0000000780000000,0x0000000786b61148,0x00000007aab00000)
 Metaspace       used 164493K, capacity 166387K, committed 166656K, reserved 1187840K
  class space    used 27151K, capacity 27625K, committed 27648K, reserved 1048576K
Event: 2710.437 GC heap after
Heap after GC invocations=19 (full 2):
 PSYoungGen      total 267264K, used 54466K [0x00000007aab00000, 0x00000007c0000000, 0x00000007c0000000)
  eden space 212480K, 0% used [0x00000007aab00000,0x00000007aab00000,0x00000007b7a80000)
  from space 54784K, 99% used [0x00000007b7e00000,0x00000007bb330818,0x00000007bb380000)
  to   space 72192K, 0% used [0x00000007bb980000,0x00000007bb980000,0x00000007c0000000)
 ParOldGen       total 699392K, used 110969K [0x0000000780000000, 0x00000007aab00000, 0x00000007aab00000)
  object space 699392K, 15% used [0x0000000780000000,0x0000000786c5e480,0x00000007aab00000)
 Metaspace       used 164493K, capacity 166387K, committed 166656K, reserved 1187840K
  class space    used 27151K, capacity 27625K, committed 27648K, reserved 1048576K
}
Event: 2712.780 GC heap before
{Heap before GC invocations=20 (full 2):
 PSYoungGen      total 267264K, used 266946K [0x00000007aab00000, 0x00000007c0000000, 0x00000007c0000000)
  eden space 212480K, 100% used [0x00000007aab00000,0x00000007b7a80000,0x00000007b7a80000)
  from space 54784K, 99% used [0x00000007b7e00000,0x00000007bb330818,0x00000007bb380000)
  to   space 72192K, 0% used [0x00000007bb980000,0x00000007bb980000,0x00000007c0000000)
 ParOldGen       total 699392K, used 110969K [0x0000000780000000, 0x00000007aab00000, 0x00000007aab00000)
  object space 699392K, 15% used [0x0000000780000000,0x0000000786c5e480,0x00000007aab00000)
 Metaspace       used 166691K, capacity 168747K, committed 168960K, reserved 1189888K
  class space    used 27577K, capacity 28045K, committed 28160K, reserved 1048576K
Event: 2712.826 GC heap after
Heap after GC invocations=20 (full 2):
 PSYoungGen      total 268800K, used 54423K [0x00000007aab00000, 0x00000007c0000000, 0x00000007c0000000)
  eden space 196608K, 0% used [0x00000007aab00000,0x00000007aab00000,0x00000007b6b00000)
  from space 72192K, 75% used [0x00000007bb980000,0x00000007beea5ff8,0x00000007c0000000)
  to   space 76288K, 0% used [0x00000007b6b00000,0x00000007b6b00000,0x00000007bb580000)
 ParOldGen       total 699392K, used 114765K [0x0000000780000000, 0x00000007aab00000, 0x00000007aab00000)
  object space 699392K, 16% used [0x0000000780000000,0x0000000787013550,0x00000007aab00000)
 Metaspace       used 166691K, capacity 168747K, committed 168960K, reserved 1189888K
  class space    used 27577K, capacity 28045K, committed 28160K, reserved 1048576K
}
Event: 2800.474 GC heap before
{Heap before GC invocations=21 (full 2):
 PSYoungGen      total 268800K, used 251031K [0x00000007aab00000, 0x00000007c0000000, 0x00000007c0000000)
  eden space 196608K, 100% used [0x00000007aab00000,0x00000007b6b00000,0x00000007b6b00000)
  from space 72192K, 75% used [0x00000007bb980000,0x00000007beea5ff8,0x00000007c0000000)
  to   space 76288K, 0% used [0x00000007b6b00000,0x00000007b6b00000,0x00000007bb580000)
 ParOldGen       total 699392K, used 114765K [0x0000000780000000, 0x00000007aab00000, 0x00000007aab00000)
  object space 699392K, 16% used [0x0000000780000000,0x0000000787013550,0x00000007aab00000)
 Metaspace       used 167629K, capacity 169839K, committed 170112K, reserved 1191936K
  class space    used 27687K, capacity 28209K, committed 28288K, reserved 1048576K
Event: 2800.487 GC heap after
Heap after GC invocations=21 (full 2):
 PSYoungGen      total 272896K, used 9805K [0x00000007aab00000, 0x00000007c0000000, 0x00000007c0000000)
  eden space 196608K, 0% used [0x00000007aab00000,0x00000007aab00000,0x00000007b6b00000)
  from space 76288K, 12% used [0x00000007b6b00000,0x00000007b7493528,0x00000007bb580000)
  to   space 76288K, 0% used [0x00000007bb580000,0x00000007bb580000,0x00000007c0000000)
 ParOldGen       total 699392K, used 115125K [0x0000000780000000, 0x00000007aab00000, 0x00000007aab00000)
  object space 699392K, 16% used [0x0000000780000000,0x000000078706d550,0x00000007aab00000)
 Metaspace       used 167629K, capacity 169839K, committed 170112K, reserved 1191936K
  class space    used 27687K, capacity 28209K, committed 28288K, reserved 1048576K
}

